<?xml version="1.0" encoding="UTF-8"?>
<testsuite xmlns:xsi="http://www.w3.org/2001/XMLSchema-instance" xsi:noNamespaceSchemaLocation="https://maven.apache.org/surefire/maven-surefire-plugin/xsd/surefire-test-report.xsd" name="org.jboss.as.quickstarts.tasksrs.service.UserResourceTest" time="0.802" tests="1" errors="0" skipped="1" failures="0">
  <properties>
[...]
</properties>
  <testcase name="getUsersSortedByTask" classname="org.jboss.as.quickstarts.tasksrs.service.UserResourceTest" time="0">
    <skipped/>
  </testcase>
</testsuite>